# JRE version: Java(TM) SE Runtime Environment (8.0_45-b14) (build 1.8.0_45-b14)
# Java VM: Java HotSpot(TM) Client VM (25.45-b02 mixed mode windows-x86 )
Heap:
 def new generation   total 20160K, used 15362K [0x04800000, 0x05de0000, 0x09d50000)
  eden space 17920K,  73% used [0x04800000, 0x054d0b58, 0x05980000)
  from space 2240K,  99% used [0x05bb0000, 0x05ddfff8, 0x05de0000)
  to   space 2240K,   0% used [0x05980000, 0x05980000, 0x05bb0000)
 tenured generation   total 44664K, used 28587K [0x09d50000, 0x0c8ee000, 0x14800000)
   the space 44664K,  64% used [0x09d50000, 0x0b93adf0, 0x0b93ae00, 0x0c8ee000)
 Metaspace       used 30720K, capacity 31518K, committed 31616K, reserved 32128K
GC Heap History (10 events):
Event: 5.181 GC heap before
{Heap before GC invocations=81 (full 3):
 def new generation   total 13120K, used 12123K [0x04800000, 0x05630000, 0x09d50000)
  eden space 11712K, 100% used [0x04800000, 0x05370000, 0x05370000)
  from space 1408K,  29% used [0x054d0000, 0x05536c88, 0x05630000)
  to   space 1408K,   0% used [0x05370000, 0x05370000, 0x054d0000)
 tenured generation   total 29048K, used 28764K [0x09d50000, 0x0b9ae000, 0x14800000)
   the space 29048K,  99% used [0x09d50000, 0x0b9671d0, 0x0b967200, 0x0b9ae000)
 Metaspace       used 26700K, capacity 27448K, committed 27520K, reserved 28032K
Event: 5.185 GC heap after
Heap after GC invocations=82 (full 3):
 def new generation   total 13120K, used 804K [0x04800000, 0x05630000, 0x09d50000)
  eden space 11712K,   0% used [0x04800000, 0x04800000, 0x05370000)
  from space 1408K,  57% used [0x05370000, 0x054391f0, 0x054d0000)
  to   space 1408K,   0% used [0x054d0000, 0x054d0000, 0x05630000)
 tenured generation   total 29048K, used 28764K [0x09d50000, 0x0b9ae000, 0x14800000)
   the space 29048K,  99% used [0x09d50000, 0x0b9671d0, 0x0b967200, 0x0b9ae000)
 Metaspace       used 26700K, capacity 27448K, committed 27520K, reserved 28032K
}
Event: 5.253 GC heap before
{Heap before GC invocations=82 (full 3):
 def new generation   total 13120K, used 12516K [0x04800000, 0x05630000, 0x09d50000)
  eden space 11712K, 100% used [0x04800000, 0x05370000, 0x05370000)
  from space 1408K,  57% used [0x05370000, 0x054391f0, 0x054d0000)
  to   space 1408K,   0% used [0x054d0000, 0x054d0000, 0x05630000)
 tenured generation   total 29048K, used 28764K [0x09d50000, 0x0b9ae000, 0x14800000)
   the space 29048K,  99% used [0x09d50000, 0x0b9671d0, 0x0b967200, 0x0b9ae000)
 Metaspace       used 26749K, capacity 27492K, committed 27520K, reserved 28032K
Event: 5.348 GC heap after
Heap after GC invocations=83 (full 4):
 def new generation   total 20160K, used 0K [0x04800000, 0x05de0000, 0x09d50000)
  eden space 17920K,   0% used [0x04800000, 0x04800000, 0x05980000)
  from space 2240K,   0% used [0x05980000, 0x05980000, 0x05bb0000)
  to   space 2240K,   0% used [0x05bb0000, 0x05bb0000, 0x05de0000)
 tenured generation   total 44664K, used 26796K [0x09d50000, 0x0c8ee000, 0x14800000)
   the space 44664K,  59% used [0x09d50000, 0x0b77b1d0, 0x0b77b200, 0x0c8ee000)
 Metaspace       used 26749K, capacity 27492K, committed 27520K, reserved 28032K
}
Event: 5.563 GC heap before
{Heap before GC invocations=83 (full 4):
 def new generation   total 20160K, used 17920K [0x04800000, 0x05de0000, 0x09d50000)
  eden space 17920K, 100% used [0x04800000, 0x05980000, 0x05980000)
  from space 2240K,   0% used [0x05980000, 0x05980000, 0x05bb0000)
  to   space 2240K,   0% used [0x05bb0000, 0x05bb0000, 0x05de0000)
 tenured generation   total 44664K, used 26796K [0x09d50000, 0x0c8ee000, 0x14800000)
   the space 44664K,  59% used [0x09d50000, 0x0b77b1d0, 0x0b77b200, 0x0c8ee000)
 Metaspace       used 26781K, capacity 27529K, committed 27648K, reserved 28032K
Event: 5.566 GC heap after
Heap after GC invocations=84 (full 4):
 def new generation   total 20160K, used 482K [0x04800000, 0x05de0000, 0x09d50000)
  eden space 17920K,   0% used [0x04800000, 0x04800000, 0x05980000)
  from space 2240K,  21% used [0x05bb0000, 0x05c28828, 0x05de0000)
  to   space 2240K,   0% used [0x05980000, 0x05980000, 0x05bb0000)
 tenured generation   total 44664K, used 26796K [0x09d50000, 0x0c8ee000, 0x14800000)
   the space 44664K,  59% used [0x09d50000, 0x0b77b1d0, 0x0b77b200, 0x0c8ee000)
 Metaspace       used 26781K, capacity 27529K, committed 27648K, reserved 28032K
}
Event: 22.040 GC heap before
{Heap before GC invocations=84 (full 4):
 def new generation   total 20160K, used 18402K [0x04800000, 0x05de0000, 0x09d50000)
  eden space 17920K, 100% used [0x04800000, 0x05980000, 0x05980000)
  from space 2240K,  21% used [0x05bb0000, 0x05c28828, 0x05de0000)
  to   space 2240K,   0% used [0x05980000, 0x05980000, 0x05bb0000)
 tenured generation   total 44664K, used 26796K [0x09d50000, 0x0c8ee000, 0x14800000)
   the space 44664K,  59% used [0x09d50000, 0x0b77b1d0, 0x0b77b200, 0x0c8ee000)
 Metaspace       used 27995K, capacity 28795K, committed 28928K, reserved 29056K
Event: 22.046 GC heap after
Heap after GC invocations=85 (full 4):
 def new generation   total 20160K, used 1970K [0x04800000, 0x05de0000, 0x09d50000)
  eden space 17920K,   0% used [0x04800000, 0x04800000, 0x05980000)
  from space 2240K,  87% used [0x05980000, 0x05b6c948, 0x05bb0000)
  to   space 2240K,   0% used [0x05bb0000, 0x05bb0000, 0x05de0000)
 tenured generation   total 44664K, used 26796K [0x09d50000, 0x0c8ee000, 0x14800000)
   the space 44664K,  59% used [0x09d50000, 0x0b77b1d0, 0x0b77b200, 0x0c8ee000)
 Metaspace       used 27995K, capacity 28795K, committed 28928K, reserved 29056K
}
Event: 22.249 GC heap before
{Heap before GC invocations=85 (full 4):
 def new generation   total 20160K, used 19890K [0x04800000, 0x05de0000, 0x09d50000)
  eden space 17920K, 100% used [0x04800000, 0x05980000, 0x05980000)
  from space 2240K,  87% used [0x05980000, 0x05b6c948, 0x05bb0000)
  to   space 2240K,   0% used [0x05bb0000, 0x05bb0000, 0x05de0000)
 tenured generation   total 44664K, used 26796K [0x09d50000, 0x0c8ee000, 0x14800000)
   the space 44664K,  59% used [0x09d50000, 0x0b77b1d0, 0x0b77b200, 0x0c8ee000)
 Metaspace       used 29346K, capacity 30107K, committed 30208K, reserved 31104K
Event: 22.256 GC heap after
Heap after GC invocations=86 (full 4):
 def new generation   total 20160K, used 2239K [0x04800000, 0x05de0000, 0x09d50000)
  eden space 17920K,   0% used [0x04800000, 0x04800000, 0x05980000)
  from space 2240K,  99% used [0x05bb0000, 0x05ddfff8, 0x05de0000)
  to   space 2240K,   0% used [0x05980000, 0x05980000, 0x05bb0000)
 tenured generation   total 44664K, used 28587K [0x09d50000, 0x0c8ee000, 0x14800000)
   the space 44664K,  64% used [0x09d50000, 0x0b93adf0, 0x0b93ae00, 0x0c8ee000)
 Metaspace       used 29346K, capacity 30107K, committed 30208K, reserved 31104K
}

